<?xml version="1.0" encoding="UTF-8"?>
<testng-results ignored="1" total="2" passed="1" failed="0" skipped="0">
  <reporter-output>
  </reporter-output>
  <suite started-at="2022-08-07T19:54:42 EET" name="Default suite" finished-at="2022-08-07T19:54:50 EET" duration-ms="7696">
    <groups>
    </groups>
    <test started-at="2022-08-07T19:54:42 EET" name="Default test" finished-at="2022-08-07T19:54:50 EET" duration-ms="7696">
      <class name="testing1.Test1">
        <test-method signature="test_02()[pri:0, instance:testing1.Test1@7f010382]" started-at="2022-08-07T19:54:42 EET" name="test_02" finished-at="2022-08-07T19:54:50 EET" duration-ms="7662" status="PASS">
          <reporter-output>
          </reporter-output>
        </test-method> <!-- test_02 -->
      </class> <!-- testing1.Test1 -->
    </test> <!-- Default test -->
  </suite> <!-- Default suite -->
</testng-results>
